<?xml version="1.0" encoding="UTF-8"?>
<testng-results skipped="0" failed="0" ignored="0" total="1" passed="1">
  <reporter-output>
  </reporter-output>
  <suite name="Default suite" duration-ms="19017" started-at="2020-08-22T19:48:17Z" finished-at="2020-08-22T19:48:36Z">
    <groups>
    </groups>
    <test name="Default test" duration-ms="19017" started-at="2020-08-22T19:48:17Z" finished-at="2020-08-22T19:48:36Z">
      <class name="seleniumAdv2.AutoComplete">
        <test-method status="PASS" signature="setup()[pri:0, instance:seleniumAdv2.AutoComplete@2781e022]" name="setup" is-config="true" duration-ms="10560" started-at="2020-08-22T19:48:17Z" finished-at="2020-08-22T19:48:27Z">
          <reporter-output>
          </reporter-output>
        </test-method> <!-- setup -->
        <test-method status="PASS" signature="testcase()[pri:0, instance:seleniumAdv2.AutoComplete@2781e022]" name="testcase" duration-ms="6518" started-at="2020-08-22T19:48:27Z" finished-at="2020-08-22T19:48:34Z">
          <reporter-output>
          </reporter-output>
        </test-method> <!-- testcase -->
        <test-method status="PASS" signature="teardown()[pri:0, instance:seleniumAdv2.AutoComplete@2781e022]" name="teardown" is-config="true" duration-ms="1901" started-at="2020-08-22T19:48:34Z" finished-at="2020-08-22T19:48:36Z">
          <reporter-output>
          </reporter-output>
        </test-method> <!-- teardown -->
      </class> <!-- seleniumAdv2.AutoComplete -->
    </test> <!-- Default test -->
  </suite> <!-- Default suite -->
</testng-results>
